<?xml version="1.0" encoding="UTF-8"?>
<!-- Generated by org.testng.reporters.JUnitXMLReporter -->
<testsuite hostname="DESKTOP-SB82VO4" ignored="0" name="Default test" tests="7" failures="0" timestamp="15 Oct 2021 06:40:21 GMT" time="0.133" errors="0">
  <testcase name="case2" time="0.015" classname="org.testng.PracticeGrouping2"/>
  <testcase name="case5" time="0.0" classname="org.testng.PracticeGrouping2"/>
  <testcase name="case6" time="0.006" classname="org.testng.PracticeGrouping2"/>
  <testcase name="case6" time="0.007" classname="org.testng.PracticeGrouping2"/>
  <testcase name="case6" time="0.008" classname="org.testng.PracticeGrouping2"/>
  <testcase name="case6" time="0.008" classname="org.testng.PracticeGrouping2"/>
  <testcase name="case6" time="0.008" classname="org.testng.PracticeGrouping2"/>
</testsuite> <!-- Default test -->
